0 info it worked if it ends with ok
1 verbose cli [ 'node', '/usr/local/bin/npm', 'install', 'grunt-mincs' ]
2 info using npm@2.1.10
3 info using node@v0.10.33
4 verbose node symlink /usr/local/bin/node
5 warn package.json iwanami-piano@1.0.0 No description
6 warn package.json iwanami-piano@1.0.0 No README data
7 silly cache add args [ 'grunt-mincs', null ]
8 verbose cache add spec grunt-mincs
9 silly cache add parsed spec { raw: 'grunt-mincs',
9 silly cache add   scope: null,
9 silly cache add   name: 'grunt-mincs',
9 silly cache add   rawSpec: '',
9 silly cache add   spec: '*',
9 silly cache add   type: 'range' }
10 verbose addNamed grunt-mincs@*
11 silly addNamed semver.valid null
12 silly addNamed semver.validRange *
13 silly addNameRange { name: 'grunt-mincs', range: '*', hasData: false }
14 silly mapToRegistry name grunt-mincs
15 silly mapToRegistry using default registry
16 silly mapToRegistry registry https://registry.npmjs.org/
17 silly mapToRegistry uri https://registry.npmjs.org/grunt-mincs
18 verbose addNameRange registry:https://registry.npmjs.org/grunt-mincs not in flight; fetching
19 verbose request uri https://registry.npmjs.org/grunt-mincs
20 verbose request no auth needed
21 info attempt registry request try #1 at 00:36:03
22 verbose request id 7da4cfe5896b33cb
23 http request GET https://registry.npmjs.org/grunt-mincs
24 http 404 https://registry.npmjs.org/grunt-mincs
25 verbose headers { date: 'Wed, 11 Feb 2015 15:36:03 GMT',
25 verbose headers   server: 'CouchDB/1.5.0 (Erlang OTP/R16B03)',
25 verbose headers   'content-type': 'application/json',
25 verbose headers   'cache-control': 'max-age=0',
25 verbose headers   'content-length': '52',
25 verbose headers   'accept-ranges': 'bytes',
25 verbose headers   via: '1.1 varnish',
25 verbose headers   age: '0',
25 verbose headers   'x-served-by': 'cache-ty66-TYO',
25 verbose headers   'x-cache': 'MISS',
25 verbose headers   'x-cache-hits': '0',
25 verbose headers   'x-timer': 'S1423668963.660878,VS0,VE126',
25 verbose headers   'keep-alive': 'timeout=10, max=50',
25 verbose headers   connection: 'Keep-Alive' }
26 silly get cb [ 404,
26 silly get   { date: 'Wed, 11 Feb 2015 15:36:03 GMT',
26 silly get     server: 'CouchDB/1.5.0 (Erlang OTP/R16B03)',
26 silly get     'content-type': 'application/json',
26 silly get     'cache-control': 'max-age=0',
26 silly get     'content-length': '52',
26 silly get     'accept-ranges': 'bytes',
26 silly get     via: '1.1 varnish',
26 silly get     age: '0',
26 silly get     'x-served-by': 'cache-ty66-TYO',
26 silly get     'x-cache': 'MISS',
26 silly get     'x-cache-hits': '0',
26 silly get     'x-timer': 'S1423668963.660878,VS0,VE126',
26 silly get     'keep-alive': 'timeout=10, max=50',
26 silly get     connection: 'Keep-Alive' } ]
27 verbose stack Error: 404 Not Found: grunt-mincs
27 verbose stack     at CachingRegistryClient.<anonymous> (/usr/local/lib/node_modules/npm/node_modules/npm-registry-client/lib/request.js:232:14)
27 verbose stack     at Request._callback (/usr/local/lib/node_modules/npm/node_modules/npm-registry-client/lib/request.js:172:14)
27 verbose stack     at Request.self.callback (/usr/local/lib/node_modules/npm/node_modules/request/request.js:372:22)
27 verbose stack     at Request.emit (events.js:98:17)
27 verbose stack     at Request.<anonymous> (/usr/local/lib/node_modules/npm/node_modules/request/request.js:1317:14)
27 verbose stack     at Request.emit (events.js:117:20)
27 verbose stack     at IncomingMessage.<anonymous> (/usr/local/lib/node_modules/npm/node_modules/request/request.js:1265:12)
27 verbose stack     at IncomingMessage.emit (events.js:117:20)
27 verbose stack     at _stream_readable.js:943:16
27 verbose stack     at process._tickCallback (node.js:419:13)
28 verbose statusCode 404
29 verbose pkgid grunt-mincs
30 verbose cwd /Applications/MAMP/htdocs/iwanami-pianolesson/wp-content/themes/iwanami-piano
31 error Darwin 14.0.0
32 error argv "node" "/usr/local/bin/npm" "install" "grunt-mincs"
33 error node v0.10.33
34 error npm  v2.1.10
35 error code E404
36 error 404 Not Found: grunt-mincs
36 error 404
36 error 404 'grunt-mincs' is not in the npm registry.
36 error 404 You should bug the author to publish it (or use the name yourself!)
36 error 404 It was specified as a dependency of 'iwanami-piano'
36 error 404
36 error 404 Note that you can also install from a
36 error 404 tarball, folder, http url, or git url.
37 verbose exit [ 1, true ]
